[2017.01.11 16:54:50] (Coverage): Failed to load coverage data from file: C:\Users\Comup\.IntelliJIdea2016.3\system\coverage\dcs-security-check$DcsSecurityCheckApplication.coverage
java.io.EOFException
	at java.io.DataInputStream.readUnsignedByte(DataInputStream.java:290)
	at com.intellij.rt.coverage.util.CoverageIOUtil.readINT(CoverageIOUtil.java:130)
	at com.intellij.rt.coverage.util.ProjectDataLoader.load(ProjectDataLoader.java:38)
	at com.intellij.coverage.IDEACoverageRunner.loadCoverageData(IDEACoverageRunner.java:44)
	at com.intellij.coverage.BaseCoverageSuite.loadProjectInfo(BaseCoverageSuite.java:245)
	at com.intellij.coverage.JavaCoverageSuite.getCoverageData(JavaCoverageSuite.java:146)
	at com.intellij.coverage.CoverageSuitesBundle.getCoverageData(CoverageSuitesBundle.java:94)
	at com.intellij.coverage.PackageAnnotator.annotate(PackageAnnotator.java:140)
	at com.intellij.coverage.JavaCoverageAnnotator.lambda$createRenewRequest$1(JavaCoverageAnnotator.java:142)
	at com.intellij.coverage.BaseCoverageAnnotator$1.run(BaseCoverageAnnotator.java:36)
	at com.intellij.openapi.progress.impl.CoreProgressManager$TaskRunnable.run(CoreProgressManager.java:710)
	at com.intellij.openapi.progress.impl.CoreProgressManager$3.run(CoreProgressManager.java:179)
	at com.intellij.openapi.progress.impl.CoreProgressManager.a(CoreProgressManager.java:568)
	at com.intellij.openapi.progress.impl.CoreProgressManager.executeProcessUnderProgress(CoreProgressManager.java:519)
	at com.intellij.openapi.progress.impl.ProgressManagerImpl.executeProcessUnderProgress(ProgressManagerImpl.java:54)
	at com.intellij.openapi.progress.impl.CoreProgressManager.runProcess(CoreProgressManager.java:164)
	at com.intellij.openapi.progress.impl.ProgressManagerImpl$1.run(ProgressManagerImpl.java:128)
	at com.intellij.openapi.application.impl.ApplicationImpl$2.run(ApplicationImpl.java:309)
	at java.util.concurrent.Executors$RunnableAdapter.call(Executors.java:511)
	at java.util.concurrent.FutureTask.run(FutureTask.java:266)
	at java.util.concurrent.ThreadPoolExecutor.runWorker(ThreadPoolExecutor.java:1142)
	at java.util.concurrent.ThreadPoolExecutor$Worker.run(ThreadPoolExecutor.java:617)
	at java.lang.Thread.run(Thread.java:745)
